[debug] > Exec(early(addDefaultCommands), None, None)
[debug] > Exec(addDefaultCommands, None, None)
[debug] > Exec(early(initialize), None, None)
[debug] > Exec(initialize, None, None)
[debug] > Exec(early(addPluginSbtFile="""C:\Users\Mareos\AppData\Local\Temp\idea.sbt"""), None, None)
[debug] > Exec(addPluginSbtFile="""C:\Users\Mareos\AppData\Local\Temp\idea.sbt""", None, None)
[debug] > Exec(boot, None, None)
[debug] > Exec(writeSbtVersion, None, None)
[debug] > Exec(reload, None, None)
[debug] > Exec(sbtStashOnFailure, None, None)
[debug] > Exec(onFailure loadFailed, None, None)
[debug] > Exec(loadp, None, None)
[info] welcome to sbt 1.8.2 (Oracle Corporation Java 18.0.2.1)
[debug]       Load.loadUnit: plugins took 84.7005ms
[debug]       Load.loadUnit: defsScala took 0.3145ms
[debug] [Loading] Scanning directory C:\Users\Mareos\.sbt\1.0\plugins
[debug] [Loading] Found non-root projects 
[debug] [Loading] Done in C:\Users\Mareos\.sbt\1.0\plugins, returning: ()
[debug] deducing auto plugins based on known facts Set(Atom(sbt.plugins.CorePlugin)) and clauses Clauses(Clause(Atom(sbt.plugins.JvmPlugin),Set(Atom(sbt.plugins.IvyPlugin)))
[debug] Clause(Atom(sbt.ScriptedPlugin),Set(Atom(sbt.plugins.JvmPlugin)))
[debug] Clause(Atom(sbt.plugins.SbtPlugin),Set(Atom(sbt.ScriptedPlugin)))
[debug] Clause(Atom(sbt.plugins.SemanticdbPlugin),Set(Atom(sbt.plugins.JvmPlugin)))
[debug] Clause(Atom(sbt.plugins.JUnitXmlReportPlugin),Set(Atom(sbt.plugins.JvmPlugin)))
[debug] Clause(Atom(sbt.plugins.MiniDependencyTreePlugin),Set(Atom(sbt.plugins.JvmPlugin)))
[debug] Clause(Atom(sbt.plugins.CorePlugin),Set(Atom(sbt.plugins.IvyPlugin)))
[debug] Clause(Atom(sbt.plugins.IvyPlugin),Set(Atom(sbt.plugins.JvmPlugin)))
[debug] Clause(Atom(sbt.plugins.JvmPlugin),Set(Atom(sbt.plugins.SemanticdbPlugin)))
[debug] Clause(Atom(sbt.plugins.JvmPlugin),Set(Atom(sbt.plugins.JUnitXmlReportPlugin)))
[debug] Clause(Atom(sbt.plugins.CorePlugin),Set(Atom(sbt.plugins.Giter8TemplatePlugin)))
[debug] Clause(Atom(sbt.plugins.JvmPlugin),Set(Atom(sbt.plugins.MiniDependencyTreePlugin))))
[debug]   :: deduced result: Matched(sbt.plugins.CorePlugin,sbt.plugins.Giter8TemplatePlugin,sbt.plugins.IvyPlugin,sbt.plugins.JvmPlugin,sbt.plugins.MiniDependencyTreePlugin,sbt.plugins.JUnitXmlReportPlugin,sbt.plugins.SemanticdbPlugin)
[debug] Plugins.deducer#function took 18.4705 ms
[debug]           Load.resolveProject(global-plugins) took 40.9838ms
[debug]         Load.loadTransitive: finalizeProject(Project(id global-plugins, base: C:\Users\Mareos\.sbt\1.0\plugins, plugins: List(<none>))) took 77.9482ms
[debug] [Loading] Done in C:\Users\Mareos\.sbt\1.0\plugins, returning: (global-plugins)
[debug]       Load.loadUnit: loadedProjectsRaw took 99.9997ms
[debug]       Load.loadUnit: cleanEvalClasses took 0.1964ms
[debug]     Load.loadUnit(file:/C:/Users/Mareos/.sbt/1.0/plugins/, ...) took 195.6386ms
[debug]   Load.apply: load took 391.2532ms
[debug]   Load.apply: resolveProjects took 4.4398ms
[debug]   Load.apply: finalTransforms took 49.4868ms
[debug]   Load.apply: config.delegates took 7.0353ms
[debug]   Load.apply: Def.make(settings)... took 299.6318ms
[debug]   Load.apply: structureIndex took 71.5388ms
[debug]   Load.apply: mkStreams took 1.5216ms
[info] loading global plugins from C:\Users\Mareos\.sbt\1.0\plugins
[debug] Running task... Cancel: Signal, check cycles: false, forcegc: true
[debug] Load.defaultLoad until apply took 1736.7608ms
[debug]           Load.loadUnit: plugins took 15.5714ms
[debug]           Load.loadUnit: defsScala took 0.003ms
[debug] [Loading] Scanning directory C:\Users\Mareos\IdeaProjects\sudokuuu\project
[debug]             Load.loadUnit: mkEval took 3.7955ms
[debug] [Loading] Found non-root projects 
[debug] [Loading] Done in C:\Users\Mareos\IdeaProjects\sudokuuu\project, returning: ()
[debug] deducing auto plugins based on known facts Set(Atom(sbt.plugins.CorePlugin)) and clauses Clauses(Clause(Atom(sbt.plugins.JvmPlugin),Set(Atom(sbt.plugins.IvyPlugin)))
[debug] Clause(Atom(sbt.ScriptedPlugin),Set(Atom(sbt.plugins.JvmPlugin)))
[debug] Clause(Atom(sbt.plugins.SbtPlugin),Set(Atom(sbt.ScriptedPlugin)))
[debug] Clause(Atom(sbt.plugins.SemanticdbPlugin),Set(Atom(sbt.plugins.JvmPlugin)))
[debug] Clause(Atom(sbt.plugins.JUnitXmlReportPlugin),Set(Atom(sbt.plugins.JvmPlugin)))
[debug] Clause(Atom(sbt.plugins.MiniDependencyTreePlugin),Set(Atom(sbt.plugins.JvmPlugin)))
[debug] Clause(Atom(sbt.plugins.CorePlugin),Set(Atom(sbt.plugins.IvyPlugin)))
[debug] Clause(Atom(sbt.plugins.IvyPlugin),Set(Atom(sbt.plugins.JvmPlugin)))
[debug] Clause(Atom(sbt.plugins.JvmPlugin),Set(Atom(sbt.plugins.SemanticdbPlugin)))
[debug] Clause(Atom(sbt.plugins.JvmPlugin),Set(Atom(sbt.plugins.JUnitXmlReportPlugin)))
[debug] Clause(Atom(sbt.plugins.CorePlugin),Set(Atom(sbt.plugins.Giter8TemplatePlugin)))
[debug] Clause(Atom(sbt.plugins.JvmPlugin),Set(Atom(sbt.plugins.MiniDependencyTreePlugin))))
[debug]   :: deduced result: Matched(sbt.plugins.CorePlugin,sbt.plugins.Giter8TemplatePlugin,sbt.plugins.IvyPlugin,sbt.plugins.JvmPlugin,sbt.plugins.MiniDependencyTreePlugin,sbt.plugins.JUnitXmlReportPlugin,sbt.plugins.SemanticdbPlugin)
[debug] Plugins.deducer#function took 1.1932 ms
[info] loading settings for project sudokuuu-build from idea.sbt ...
[debug]               Load.resolveProject(sudokuuu-build) took 2.5033ms
[debug]             Load.loadTransitive: finalizeProject(Project(id sudokuuu-build, base: C:\Users\Mareos\IdeaProjects\sudokuuu\project, plugins: List(<none>))) took 4.0891ms
[debug] [Loading] Done in C:\Users\Mareos\IdeaProjects\sudokuuu\project, returning: (sudokuuu-build)
[debug]           Load.loadUnit: loadedProjectsRaw took 92.323ms
[debug]           Load.loadUnit: cleanEvalClasses took 5.0477ms
[debug]         Load.loadUnit(file:/C:/Users/Mareos/IdeaProjects/sudokuuu/project/, ...) took 113.7207ms
[debug]       Load.apply: load took 114.9443ms
[debug]       Load.apply: resolveProjects took 0.1234ms
[debug]       Load.apply: finalTransforms took 6.5227ms
[debug]       Load.apply: config.delegates took 0.2744ms
[debug]       Load.apply: Def.make(settings)... took 61.0877ms
[debug]       Load.apply: structureIndex took 23.8692ms
[debug]       Load.apply: mkStreams took 0.0032ms
[info] loading project definition from C:\Users\Mareos\IdeaProjects\sudokuuu\project
[debug] Running task... Cancel: Signal, check cycles: false, forcegc: true
[warn] Unrecognized repository Scala Plugin Bundled Repository, ignoring it
[warn] Unrecognized repository Scala Plugin Bundled Repository, ignoring it
[debug]     Load.loadUnit: plugins took 986.3174ms
[debug]     Load.loadUnit: defsScala took 0.0018ms
[debug] [Loading] Scanning directory C:\Users\Mareos\IdeaProjects\sudokuuu
[debug]       Load.loadUnit: mkEval took 0.2028ms
[debug] [Loading] Found root project root w/ remaining 
[debug] deducing auto plugins based on known facts Set(Atom(sbt.plugins.CorePlugin)) and clauses Clauses(Clause(Atom(sbt.plugins.JvmPlugin),Set(Atom(sbt.plugins.IvyPlugin)))
[debug] Clause(Atom(sbt.ScriptedPlugin),Set(Atom(sbt.plugins.JvmPlugin)))
[debug] Clause(Atom(sbt.plugins.SbtPlugin),Set(Atom(sbt.ScriptedPlugin)))
[debug] Clause(Atom(sbt.plugins.SemanticdbPlugin),Set(Atom(sbt.plugins.JvmPlugin)))
[debug] Clause(Atom(sbt.plugins.JUnitXmlReportPlugin),Set(Atom(sbt.plugins.JvmPlugin)))
[debug] Clause(Atom(sbt.plugins.MiniDependencyTreePlugin),Set(Atom(sbt.plugins.JvmPlugin)))
[debug] Clause(Atom(org.jetbrains.sbt.StructurePlugin),Set(Atom(sbt.plugins.JvmPlugin)))
[debug] Clause(Atom(org.jetbrains.sbt.IdeaShellPlugin),Set(Atom(sbt.plugins.JvmPlugin)))
[debug] Clause(Atom(org.jetbrains.sbt.indices.SbtIntellijIndicesPlugin),Set(Atom(sbt.plugins.JvmPlugin)))
[debug] Clause(Atom(sbt.plugins.CorePlugin),Set(Atom(sbt.plugins.IvyPlugin)))
[debug] Clause(Atom(sbt.plugins.IvyPlugin),Set(Atom(sbt.plugins.JvmPlugin)))
[debug] Clause(Atom(sbt.plugins.JvmPlugin),Set(Atom(sbt.plugins.SemanticdbPlugin)))
[debug] Clause(Atom(sbt.plugins.JvmPlugin),Set(Atom(sbt.plugins.JUnitXmlReportPlugin)))
[debug] Clause(Atom(sbt.plugins.CorePlugin),Set(Atom(sbt.plugins.Giter8TemplatePlugin)))
[debug] Clause(Atom(sbt.plugins.JvmPlugin),Set(Atom(sbt.plugins.MiniDependencyTreePlugin)))
[debug] Clause(Atom(sbt.plugins.JvmPlugin),Set(Atom(org.jetbrains.sbt.StructurePlugin)))
[debug] Clause(Atom(sbt.plugins.JvmPlugin),Set(Atom(org.jetbrains.sbt.IdeaShellPlugin)))
[debug] Clause(And(Set(Atom(sbt.plugins.CorePlugin), Atom(sbt.plugins.JvmPlugin))),Set(Atom(org.jetbrains.sbt.indices.SbtIntellijIndicesPlugin))))
[debug]   :: deduced result: Matched(sbt.plugins.CorePlugin,sbt.plugins.Giter8TemplatePlugin,sbt.plugins.IvyPlugin,sbt.plugins.JvmPlugin,sbt.plugins.SemanticdbPlugin,org.jetbrains.sbt.indices.SbtIntellijIndicesPlugin,sbt.plugins.JUnitXmlReportPlugin,org.jetbrains.sbt.IdeaShellPlugin,org.jetbrains.sbt.StructurePlugin,sbt.plugins.MiniDependencyTreePlugin)
[debug] Plugins.deducer#function took 1.5943 ms
[info] loading settings for project root from build.sbt ...
[debug]         Load.resolveProject(root) took 38.4643ms
[debug]       Load.loadTransitive: finalizeProject(Project(id root, base: C:\Users\Mareos\IdeaProjects\sudokuuu, plugins: List(<none>))) took 41.601ms
[debug] [Loading] Done in C:\Users\Mareos\IdeaProjects\sudokuuu, returning: (root)
[debug]     Load.loadUnit: loadedProjectsRaw took 2568.1911ms
[debug]     Load.loadUnit: cleanEvalClasses took 40.8315ms
[debug]   Load.loadUnit(file:/C:/Users/Mareos/IdeaProjects/sudokuuu/, ...) took 3596.2626ms
[debug] Load.apply: load took 3598.1376ms
[debug] Load.apply: resolveProjects took 0.135ms
[debug] Load.apply: finalTransforms took 27.745ms
[debug] Load.apply: config.delegates took 0.7917ms
[debug] Load.apply: Def.make(settings)... took 57.2944ms
[debug] Load.apply: structureIndex took 19.8807ms
[debug] Load.apply: mkStreams took 0.0019ms
[info] set current project to sudokuuu (in build file:/C:/Users/Mareos/IdeaProjects/sudokuuu/)
[debug] > Exec(sbtPopOnFailure, None, None)
[debug] > Exec(resumeFromFailure, None, None)
[debug] > Exec(notifyUsersAboutShell, None, None)
[debug] > Exec(iflast shell, None, None)
[debug] > Exec(; set ideaPort in Global := 50862 ; idea-shell, None, None)
[debug] > Exec(set ideaPort in Global := 50862, None, None)
[info] Defining Global / ideaPort
[info] The new value will be used by Compile / compile, Test / compile
[debug] Defining 
[debug] 	Global / ideaPort
[debug] 
[debug] The new value will be used by 
[debug] 	Compile / compile
[debug] 	Test / compile
[info] Reapplying settings...
[info] set current project to sudokuuu (in build file:/C:/Users/Mareos/IdeaProjects/sudokuuu/)
[debug] > Exec(idea-shell, None, None)
