[debug] > Exec(early(addDefaultCommands), None, None)
[debug] > Exec(addDefaultCommands, None, None)
[debug] > Exec(early(initialize), None, None)
[debug] > Exec(initialize, None, None)
[debug] > Exec(early(addPluginSbtFile="""C:\Users\Mareos\AppData\Local\Temp\idea.sbt"""), None, None)
[debug] > Exec(addPluginSbtFile="""C:\Users\Mareos\AppData\Local\Temp\idea.sbt""", None, None)
[debug] > Exec(boot, None, None)
[debug] > Exec(writeSbtVersion, None, None)
[debug] > Exec(reload, None, None)
[debug] > Exec(sbtStashOnFailure, None, None)
[debug] > Exec(onFailure loadFailed, None, None)
[debug] > Exec(loadp, None, None)
[info] welcome to sbt 1.8.2 (Oracle Corporation Java 18.0.2.1)
[debug]       Load.loadUnit: plugins took 209.2963ms
[debug]       Load.loadUnit: defsScala took 0.6036ms
[debug] [Loading] Scanning directory C:\Users\Mareos\.sbt\1.0\plugins
[debug] [Loading] Found non-root projects 
[debug] [Loading] Done in C:\Users\Mareos\.sbt\1.0\plugins, returning: ()
[debug] deducing auto plugins based on known facts Set(Atom(sbt.plugins.CorePlugin)) and clauses Clauses(Clause(Atom(sbt.plugins.JvmPlugin),Set(Atom(sbt.plugins.IvyPlugin)))
[debug] Clause(Atom(sbt.ScriptedPlugin),Set(Atom(sbt.plugins.JvmPlugin)))
[debug] Clause(Atom(sbt.plugins.SbtPlugin),Set(Atom(sbt.ScriptedPlugin)))
[debug] Clause(Atom(sbt.plugins.SemanticdbPlugin),Set(Atom(sbt.plugins.JvmPlugin)))
[debug] Clause(Atom(sbt.plugins.JUnitXmlReportPlugin),Set(Atom(sbt.plugins.JvmPlugin)))
[debug] Clause(Atom(sbt.plugins.MiniDependencyTreePlugin),Set(Atom(sbt.plugins.JvmPlugin)))
[debug] Clause(Atom(sbt.plugins.CorePlugin),Set(Atom(sbt.plugins.IvyPlugin)))
[debug] Clause(Atom(sbt.plugins.IvyPlugin),Set(Atom(sbt.plugins.JvmPlugin)))
[debug] Clause(Atom(sbt.plugins.JvmPlugin),Set(Atom(sbt.plugins.SemanticdbPlugin)))
[debug] Clause(Atom(sbt.plugins.JvmPlugin),Set(Atom(sbt.plugins.JUnitXmlReportPlugin)))
[debug] Clause(Atom(sbt.plugins.CorePlugin),Set(Atom(sbt.plugins.Giter8TemplatePlugin)))
[debug] Clause(Atom(sbt.plugins.JvmPlugin),Set(Atom(sbt.plugins.MiniDependencyTreePlugin))))
[debug]   :: deduced result: Matched(sbt.plugins.CorePlugin,sbt.plugins.Giter8TemplatePlugin,sbt.plugins.IvyPlugin,sbt.plugins.JvmPlugin,sbt.plugins.MiniDependencyTreePlugin,sbt.plugins.JUnitXmlReportPlugin,sbt.plugins.SemanticdbPlugin)
[debug] Plugins.deducer#function took 34.2919 ms
[debug]           Load.resolveProject(global-plugins) took 73.7842ms
[debug]         Load.loadTransitive: finalizeProject(Project(id global-plugins, base: C:\Users\Mareos\.sbt\1.0\plugins, plugins: List(<none>))) took 165.9369ms
[debug] [Loading] Done in C:\Users\Mareos\.sbt\1.0\plugins, returning: (global-plugins)
[debug]       Load.loadUnit: loadedProjectsRaw took 226.6062ms
[debug]       Load.loadUnit: cleanEvalClasses took 0.4662ms
[debug]     Load.loadUnit(file:/C:/Users/Mareos/.sbt/1.0/plugins/, ...) took 458.2271ms
[debug]   Load.apply: load took 795.7635ms
[debug]   Load.apply: resolveProjects took 12.0562ms
[debug]   Load.apply: finalTransforms took 102.0414ms
[debug]   Load.apply: config.delegates took 13.9535ms
[debug]   Load.apply: Def.make(settings)... took 757.8299ms
[debug]   Load.apply: structureIndex took 144.8805ms
[debug]   Load.apply: mkStreams took 2.7528ms
[info] loading global plugins from C:\Users\Mareos\.sbt\1.0\plugins
[debug] Running task... Cancel: Signal, check cycles: false, forcegc: true
[debug] Load.defaultLoad until apply took 4278.4189ms
[debug]           Load.loadUnit: plugins took 51.2706ms
[debug]           Load.loadUnit: defsScala took 0.0112ms
[debug] [Loading] Scanning directory C:\Users\Mareos\IdeaProjects\sudokuuu\project
[debug]             Load.loadUnit: mkEval took 10.0101ms
[debug] [Loading] Found non-root projects 
[debug] [Loading] Done in C:\Users\Mareos\IdeaProjects\sudokuuu\project, returning: ()
[debug] deducing auto plugins based on known facts Set(Atom(sbt.plugins.CorePlugin)) and clauses Clauses(Clause(Atom(sbt.plugins.JvmPlugin),Set(Atom(sbt.plugins.IvyPlugin)))
[debug] Clause(Atom(sbt.ScriptedPlugin),Set(Atom(sbt.plugins.JvmPlugin)))
[debug] Clause(Atom(sbt.plugins.SbtPlugin),Set(Atom(sbt.ScriptedPlugin)))
[debug] Clause(Atom(sbt.plugins.SemanticdbPlugin),Set(Atom(sbt.plugins.JvmPlugin)))
[debug] Clause(Atom(sbt.plugins.JUnitXmlReportPlugin),Set(Atom(sbt.plugins.JvmPlugin)))
[debug] Clause(Atom(sbt.plugins.MiniDependencyTreePlugin),Set(Atom(sbt.plugins.JvmPlugin)))
[debug] Clause(Atom(sbt.plugins.CorePlugin),Set(Atom(sbt.plugins.IvyPlugin)))
[debug] Clause(Atom(sbt.plugins.IvyPlugin),Set(Atom(sbt.plugins.JvmPlugin)))
[debug] Clause(Atom(sbt.plugins.JvmPlugin),Set(Atom(sbt.plugins.SemanticdbPlugin)))
[debug] Clause(Atom(sbt.plugins.JvmPlugin),Set(Atom(sbt.plugins.JUnitXmlReportPlugin)))
[debug] Clause(Atom(sbt.plugins.CorePlugin),Set(Atom(sbt.plugins.Giter8TemplatePlugin)))
[debug] Clause(Atom(sbt.plugins.JvmPlugin),Set(Atom(sbt.plugins.MiniDependencyTreePlugin))))
[debug]   :: deduced result: Matched(sbt.plugins.CorePlugin,sbt.plugins.Giter8TemplatePlugin,sbt.plugins.IvyPlugin,sbt.plugins.JvmPlugin,sbt.plugins.MiniDependencyTreePlugin,sbt.plugins.JUnitXmlReportPlugin,sbt.plugins.SemanticdbPlugin)
[debug] Plugins.deducer#function took 3.8858 ms
[info] loading settings for project sudokuuu-build from idea.sbt ...
[debug]               Load.resolveProject(sudokuuu-build) took 4.6402ms
[debug]             Load.loadTransitive: finalizeProject(Project(id sudokuuu-build, base: C:\Users\Mareos\IdeaProjects\sudokuuu\project, plugins: List(<none>))) took 9.3704ms
[debug] [Loading] Done in C:\Users\Mareos\IdeaProjects\sudokuuu\project, returning: (sudokuuu-build)
[debug]           Load.loadUnit: loadedProjectsRaw took 3577.3593ms
[debug]           Load.loadUnit: cleanEvalClasses took 12.8564ms
[debug]         Load.loadUnit(file:/C:/Users/Mareos/IdeaProjects/sudokuuu/project/, ...) took 3643.1369ms
[debug]       Load.apply: load took 3645.5177ms
[debug]       Load.apply: resolveProjects took 0.2035ms
[debug]       Load.apply: finalTransforms took 25.2764ms
[debug]       Load.apply: config.delegates took 1.2263ms
[debug]       Load.apply: Def.make(settings)... took 152.1521ms
[debug]       Load.apply: structureIndex took 48.978ms
[debug]       Load.apply: mkStreams took 0.0025ms
[info] loading project definition from C:\Users\Mareos\IdeaProjects\sudokuuu\project
[debug] Running task... Cancel: Signal, check cycles: false, forcegc: true
[warn] Unrecognized repository Scala Plugin Bundled Repository, ignoring it
[warn] Unrecognized repository Scala Plugin Bundled Repository, ignoring it
[debug]     Load.loadUnit: plugins took 5865.4763ms
[debug]     Load.loadUnit: defsScala took 0.0034ms
[debug] [Loading] Scanning directory C:\Users\Mareos\IdeaProjects\sudokuuu
[debug]       Load.loadUnit: mkEval took 0.3594ms
[debug] [Loading] Found root project root w/ remaining 
[debug] deducing auto plugins based on known facts Set(Atom(sbt.plugins.CorePlugin)) and clauses Clauses(Clause(Atom(sbt.plugins.JvmPlugin),Set(Atom(sbt.plugins.IvyPlugin)))
[debug] Clause(Atom(sbt.ScriptedPlugin),Set(Atom(sbt.plugins.JvmPlugin)))
[debug] Clause(Atom(sbt.plugins.SbtPlugin),Set(Atom(sbt.ScriptedPlugin)))
[debug] Clause(Atom(sbt.plugins.SemanticdbPlugin),Set(Atom(sbt.plugins.JvmPlugin)))
[debug] Clause(Atom(sbt.plugins.JUnitXmlReportPlugin),Set(Atom(sbt.plugins.JvmPlugin)))
[debug] Clause(Atom(sbt.plugins.MiniDependencyTreePlugin),Set(Atom(sbt.plugins.JvmPlugin)))
[debug] Clause(Atom(org.jetbrains.sbt.StructurePlugin),Set(Atom(sbt.plugins.JvmPlugin)))
[debug] Clause(Atom(org.jetbrains.sbt.IdeaShellPlugin),Set(Atom(sbt.plugins.JvmPlugin)))
[debug] Clause(Atom(org.jetbrains.sbt.indices.SbtIntellijIndicesPlugin),Set(Atom(sbt.plugins.JvmPlugin)))
[debug] Clause(Atom(sbt.plugins.CorePlugin),Set(Atom(sbt.plugins.IvyPlugin)))
[debug] Clause(Atom(sbt.plugins.IvyPlugin),Set(Atom(sbt.plugins.JvmPlugin)))
[debug] Clause(Atom(sbt.plugins.JvmPlugin),Set(Atom(sbt.plugins.SemanticdbPlugin)))
[debug] Clause(Atom(sbt.plugins.JvmPlugin),Set(Atom(sbt.plugins.JUnitXmlReportPlugin)))
[debug] Clause(Atom(sbt.plugins.CorePlugin),Set(Atom(sbt.plugins.Giter8TemplatePlugin)))
[debug] Clause(Atom(sbt.plugins.JvmPlugin),Set(Atom(sbt.plugins.MiniDependencyTreePlugin)))
[debug] Clause(Atom(sbt.plugins.JvmPlugin),Set(Atom(org.jetbrains.sbt.StructurePlugin)))
[debug] Clause(Atom(sbt.plugins.JvmPlugin),Set(Atom(org.jetbrains.sbt.IdeaShellPlugin)))
[debug] Clause(And(Set(Atom(sbt.plugins.CorePlugin), Atom(sbt.plugins.JvmPlugin))),Set(Atom(org.jetbrains.sbt.indices.SbtIntellijIndicesPlugin))))
[debug]   :: deduced result: Matched(sbt.plugins.CorePlugin,sbt.plugins.Giter8TemplatePlugin,sbt.plugins.IvyPlugin,sbt.plugins.JvmPlugin,sbt.plugins.SemanticdbPlugin,org.jetbrains.sbt.indices.SbtIntellijIndicesPlugin,sbt.plugins.JUnitXmlReportPlugin,org.jetbrains.sbt.IdeaShellPlugin,org.jetbrains.sbt.StructurePlugin,sbt.plugins.MiniDependencyTreePlugin)
[debug] Plugins.deducer#function took 7.8295 ms
[info] loading settings for project root from build.sbt ...
[debug]         Load.resolveProject(root) took 84.332ms
[debug]       Load.loadTransitive: finalizeProject(Project(id root, base: C:\Users\Mareos\IdeaProjects\sudokuuu, plugins: List(<none>))) took 96.4235ms
[debug] [Loading] Done in C:\Users\Mareos\IdeaProjects\sudokuuu, returning: (root)
[debug]     Load.loadUnit: loadedProjectsRaw took 3753.8918ms
[debug]     Load.loadUnit: cleanEvalClasses took 104.1984ms
[debug]   Load.loadUnit(file:/C:/Users/Mareos/IdeaProjects/sudokuuu/, ...) took 9725.3395ms
[debug] Load.apply: load took 9730.1565ms
[debug] Load.apply: resolveProjects took 0.3059ms
[debug] Load.apply: finalTransforms took 87.9076ms
[debug] Load.apply: config.delegates took 1.0672ms
[debug] Load.apply: Def.make(settings)... took 192.043ms
[debug] Load.apply: structureIndex took 91.3421ms
[debug] Load.apply: mkStreams took 0.0085ms
[info] set current project to sudokuuu (in build file:/C:/Users/Mareos/IdeaProjects/sudokuuu/)
[debug] > Exec(sbtPopOnFailure, None, None)
[debug] > Exec(resumeFromFailure, None, None)
[debug] > Exec(notifyUsersAboutShell, None, None)
[debug] > Exec(iflast shell, None, None)
[debug] > Exec(; set ideaPort in Global := 49813 ; idea-shell, None, None)
[debug] > Exec(set ideaPort in Global := 49813, None, None)
[info] Defining Global / ideaPort
[info] The new value will be used by Compile / compile, Test / compile
[debug] Defining 
[debug] 	Global / ideaPort
[debug] 
[debug] The new value will be used by 
[debug] 	Compile / compile
[debug] 	Test / compile
[info] Reapplying settings...
[info] set current project to sudokuuu (in build file:/C:/Users/Mareos/IdeaProjects/sudokuuu/)
[debug] > Exec(idea-shell, None, None)
