[debug] > Exec(early(addDefaultCommands), None, None)
[debug] > Exec(addDefaultCommands, None, None)
[debug] > Exec(early(initialize), None, None)
[debug] > Exec(initialize, None, None)
[debug] > Exec(early(addPluginSbtFile="""C:\Users\Mareos\AppData\Local\Temp\idea.sbt"""), None, None)
[debug] > Exec(addPluginSbtFile="""C:\Users\Mareos\AppData\Local\Temp\idea.sbt""", None, None)
[debug] > Exec(boot, None, None)
[debug] > Exec(writeSbtVersion, None, None)
[debug] > Exec(reload, None, None)
[debug] > Exec(sbtStashOnFailure, None, None)
[debug] > Exec(onFailure loadFailed, None, None)
[debug] > Exec(loadp, None, None)
[info] welcome to sbt 1.8.2 (Oracle Corporation Java 18.0.2.1)
[debug]       Load.loadUnit: plugins took 75.5043ms
[debug]       Load.loadUnit: defsScala took 0.2008ms
[debug] [Loading] Scanning directory C:\Users\Mareos\.sbt\1.0\plugins
[debug] [Loading] Found non-root projects 
[debug] [Loading] Done in C:\Users\Mareos\.sbt\1.0\plugins, returning: ()
[debug] deducing auto plugins based on known facts Set(Atom(sbt.plugins.CorePlugin)) and clauses Clauses(Clause(Atom(sbt.plugins.JvmPlugin),Set(Atom(sbt.plugins.IvyPlugin)))
[debug] Clause(Atom(sbt.ScriptedPlugin),Set(Atom(sbt.plugins.JvmPlugin)))
[debug] Clause(Atom(sbt.plugins.SbtPlugin),Set(Atom(sbt.ScriptedPlugin)))
[debug] Clause(Atom(sbt.plugins.SemanticdbPlugin),Set(Atom(sbt.plugins.JvmPlugin)))
[debug] Clause(Atom(sbt.plugins.JUnitXmlReportPlugin),Set(Atom(sbt.plugins.JvmPlugin)))
[debug] Clause(Atom(sbt.plugins.MiniDependencyTreePlugin),Set(Atom(sbt.plugins.JvmPlugin)))
[debug] Clause(Atom(sbt.plugins.CorePlugin),Set(Atom(sbt.plugins.IvyPlugin)))
[debug] Clause(Atom(sbt.plugins.IvyPlugin),Set(Atom(sbt.plugins.JvmPlugin)))
[debug] Clause(Atom(sbt.plugins.JvmPlugin),Set(Atom(sbt.plugins.SemanticdbPlugin)))
[debug] Clause(Atom(sbt.plugins.JvmPlugin),Set(Atom(sbt.plugins.JUnitXmlReportPlugin)))
[debug] Clause(Atom(sbt.plugins.CorePlugin),Set(Atom(sbt.plugins.Giter8TemplatePlugin)))
[debug] Clause(Atom(sbt.plugins.JvmPlugin),Set(Atom(sbt.plugins.MiniDependencyTreePlugin))))
[debug]   :: deduced result: Matched(sbt.plugins.CorePlugin,sbt.plugins.Giter8TemplatePlugin,sbt.plugins.IvyPlugin,sbt.plugins.JvmPlugin,sbt.plugins.MiniDependencyTreePlugin,sbt.plugins.JUnitXmlReportPlugin,sbt.plugins.SemanticdbPlugin)
[debug] Plugins.deducer#function took 15.1299 ms
[debug]           Load.resolveProject(global-plugins) took 36.6777ms
[debug]         Load.loadTransitive: finalizeProject(Project(id global-plugins, base: C:\Users\Mareos\.sbt\1.0\plugins, plugins: List(<none>))) took 71.5852ms
[debug] [Loading] Done in C:\Users\Mareos\.sbt\1.0\plugins, returning: (global-plugins)
[debug]       Load.loadUnit: loadedProjectsRaw took 95.6696ms
[debug]       Load.loadUnit: cleanEvalClasses took 0.2151ms
[debug]     Load.loadUnit(file:/C:/Users/Mareos/.sbt/1.0/plugins/, ...) took 179.4235ms
[debug]   Load.apply: load took 327.127ms
[debug]   Load.apply: resolveProjects took 4.6492ms
[debug]   Load.apply: finalTransforms took 54.9319ms
[debug]   Load.apply: config.delegates took 7.2796ms
[debug]   Load.apply: Def.make(settings)... took 289.9048ms
[debug]   Load.apply: structureIndex took 73.4624ms
[debug]   Load.apply: mkStreams took 1.2316ms
[info] loading global plugins from C:\Users\Mareos\.sbt\1.0\plugins
[debug] Running task... Cancel: Signal, check cycles: false, forcegc: true
[debug] Load.defaultLoad until apply took 1630.007ms
[debug]           Load.loadUnit: plugins took 16.48ms
[debug]           Load.loadUnit: defsScala took 0.0028ms
[debug] [Loading] Scanning directory C:\Users\Mareos\IdeaProjects\sudokuuu\project
[debug]             Load.loadUnit: mkEval took 4.053ms
[debug] [Loading] Found non-root projects 
[debug] [Loading] Done in C:\Users\Mareos\IdeaProjects\sudokuuu\project, returning: ()
[debug] deducing auto plugins based on known facts Set(Atom(sbt.plugins.CorePlugin)) and clauses Clauses(Clause(Atom(sbt.plugins.JvmPlugin),Set(Atom(sbt.plugins.IvyPlugin)))
[debug] Clause(Atom(sbt.ScriptedPlugin),Set(Atom(sbt.plugins.JvmPlugin)))
[debug] Clause(Atom(sbt.plugins.SbtPlugin),Set(Atom(sbt.ScriptedPlugin)))
[debug] Clause(Atom(sbt.plugins.SemanticdbPlugin),Set(Atom(sbt.plugins.JvmPlugin)))
[debug] Clause(Atom(sbt.plugins.JUnitXmlReportPlugin),Set(Atom(sbt.plugins.JvmPlugin)))
[debug] Clause(Atom(sbt.plugins.MiniDependencyTreePlugin),Set(Atom(sbt.plugins.JvmPlugin)))
[debug] Clause(Atom(sbt.plugins.CorePlugin),Set(Atom(sbt.plugins.IvyPlugin)))
[debug] Clause(Atom(sbt.plugins.IvyPlugin),Set(Atom(sbt.plugins.JvmPlugin)))
[debug] Clause(Atom(sbt.plugins.JvmPlugin),Set(Atom(sbt.plugins.SemanticdbPlugin)))
[debug] Clause(Atom(sbt.plugins.JvmPlugin),Set(Atom(sbt.plugins.JUnitXmlReportPlugin)))
[debug] Clause(Atom(sbt.plugins.CorePlugin),Set(Atom(sbt.plugins.Giter8TemplatePlugin)))
[debug] Clause(Atom(sbt.plugins.JvmPlugin),Set(Atom(sbt.plugins.MiniDependencyTreePlugin))))
[debug]   :: deduced result: Matched(sbt.plugins.CorePlugin,sbt.plugins.Giter8TemplatePlugin,sbt.plugins.IvyPlugin,sbt.plugins.JvmPlugin,sbt.plugins.MiniDependencyTreePlugin,sbt.plugins.JUnitXmlReportPlugin,sbt.plugins.SemanticdbPlugin)
[debug] Plugins.deducer#function took 1.4259 ms
[info] loading settings for project sudokuuu-build from idea.sbt ...
[debug]               Load.resolveProject(sudokuuu-build) took 5.6437ms
[debug]             Load.loadTransitive: finalizeProject(Project(id sudokuuu-build, base: C:\Users\Mareos\IdeaProjects\sudokuuu\project, plugins: List(<none>))) took 7.57ms
[debug] [Loading] Done in C:\Users\Mareos\IdeaProjects\sudokuuu\project, returning: (sudokuuu-build)
[debug]           Load.loadUnit: loadedProjectsRaw took 1650.3785ms
[debug]           Load.loadUnit: cleanEvalClasses took 7.0202ms
[debug]         Load.loadUnit(file:/C:/Users/Mareos/IdeaProjects/sudokuuu/project/, ...) took 1674.745ms
[debug]       Load.apply: load took 1676.3443ms
[debug]       Load.apply: resolveProjects took 0.1341ms
[debug]       Load.apply: finalTransforms took 8.8435ms
[debug]       Load.apply: config.delegates took 0.3409ms
[debug]       Load.apply: Def.make(settings)... took 82.7521ms
[debug]       Load.apply: structureIndex took 21.7709ms
[debug]       Load.apply: mkStreams took 0.0026ms
[info] loading project definition from C:\Users\Mareos\IdeaProjects\sudokuuu\project
[debug] Running task... Cancel: Signal, check cycles: false, forcegc: true
[warn] Unrecognized repository Scala Plugin Bundled Repository, ignoring it
[warn] Unrecognized repository Scala Plugin Bundled Repository, ignoring it
[debug]     Load.loadUnit: plugins took 2849.9438ms
[debug]     Load.loadUnit: defsScala took 0.0028ms
[debug] [Loading] Scanning directory C:\Users\Mareos\IdeaProjects\sudokuuu
[debug]       Load.loadUnit: mkEval took 0.2594ms
[debug] [Loading] Found root project root w/ remaining 
[debug] deducing auto plugins based on known facts Set(Atom(sbt.plugins.CorePlugin)) and clauses Clauses(Clause(Atom(sbt.plugins.JvmPlugin),Set(Atom(sbt.plugins.IvyPlugin)))
[debug] Clause(Atom(sbt.ScriptedPlugin),Set(Atom(sbt.plugins.JvmPlugin)))
[debug] Clause(Atom(sbt.plugins.SbtPlugin),Set(Atom(sbt.ScriptedPlugin)))
[debug] Clause(Atom(sbt.plugins.SemanticdbPlugin),Set(Atom(sbt.plugins.JvmPlugin)))
[debug] Clause(Atom(sbt.plugins.JUnitXmlReportPlugin),Set(Atom(sbt.plugins.JvmPlugin)))
[debug] Clause(Atom(sbt.plugins.MiniDependencyTreePlugin),Set(Atom(sbt.plugins.JvmPlugin)))
[debug] Clause(Atom(org.jetbrains.sbt.StructurePlugin),Set(Atom(sbt.plugins.JvmPlugin)))
[debug] Clause(Atom(org.jetbrains.sbt.IdeaShellPlugin),Set(Atom(sbt.plugins.JvmPlugin)))
[debug] Clause(Atom(org.jetbrains.sbt.indices.SbtIntellijIndicesPlugin),Set(Atom(sbt.plugins.JvmPlugin)))
[debug] Clause(Atom(sbt.plugins.CorePlugin),Set(Atom(sbt.plugins.IvyPlugin)))
[debug] Clause(Atom(sbt.plugins.IvyPlugin),Set(Atom(sbt.plugins.JvmPlugin)))
[debug] Clause(Atom(sbt.plugins.JvmPlugin),Set(Atom(sbt.plugins.SemanticdbPlugin)))
[debug] Clause(Atom(sbt.plugins.JvmPlugin),Set(Atom(sbt.plugins.JUnitXmlReportPlugin)))
[debug] Clause(Atom(sbt.plugins.CorePlugin),Set(Atom(sbt.plugins.Giter8TemplatePlugin)))
[debug] Clause(Atom(sbt.plugins.JvmPlugin),Set(Atom(sbt.plugins.MiniDependencyTreePlugin)))
[debug] Clause(Atom(sbt.plugins.JvmPlugin),Set(Atom(org.jetbrains.sbt.StructurePlugin)))
[debug] Clause(Atom(sbt.plugins.JvmPlugin),Set(Atom(org.jetbrains.sbt.IdeaShellPlugin)))
[debug] Clause(And(Set(Atom(sbt.plugins.CorePlugin), Atom(sbt.plugins.JvmPlugin))),Set(Atom(org.jetbrains.sbt.indices.SbtIntellijIndicesPlugin))))
[debug]   :: deduced result: Matched(sbt.plugins.CorePlugin,sbt.plugins.Giter8TemplatePlugin,sbt.plugins.IvyPlugin,sbt.plugins.JvmPlugin,sbt.plugins.SemanticdbPlugin,org.jetbrains.sbt.indices.SbtIntellijIndicesPlugin,sbt.plugins.JUnitXmlReportPlugin,org.jetbrains.sbt.IdeaShellPlugin,org.jetbrains.sbt.StructurePlugin,sbt.plugins.MiniDependencyTreePlugin)
[debug] Plugins.deducer#function took 2.3044 ms
[info] loading settings for project root from build.sbt ...
[debug]         Load.resolveProject(root) took 20.5132ms
[debug]       Load.loadTransitive: finalizeProject(Project(id root, base: C:\Users\Mareos\IdeaProjects\sudokuuu, plugins: List(<none>))) took 24.4191ms
[debug] [Loading] Done in C:\Users\Mareos\IdeaProjects\sudokuuu, returning: (root)
[debug]     Load.loadUnit: loadedProjectsRaw took 1334.6701ms
[debug]     Load.loadUnit: cleanEvalClasses took 23.3797ms
[debug]   Load.loadUnit(file:/C:/Users/Mareos/IdeaProjects/sudokuuu/, ...) took 4208.7788ms
[debug] Load.apply: load took 4210.2973ms
[debug] Load.apply: resolveProjects took 0.1188ms
[debug] Load.apply: finalTransforms took 18.4233ms
[debug] Load.apply: config.delegates took 0.2361ms
[debug] Load.apply: Def.make(settings)... took 57.9281ms
[debug] Load.apply: structureIndex took 21.5188ms
[debug] Load.apply: mkStreams took 0.0029ms
[info] set current project to sudokuuu (in build file:/C:/Users/Mareos/IdeaProjects/sudokuuu/)
[debug] > Exec(sbtPopOnFailure, None, None)
[debug] > Exec(resumeFromFailure, None, None)
[debug] > Exec(notifyUsersAboutShell, None, None)
[debug] > Exec(iflast shell, None, None)
[debug] > Exec(; set ideaPort in Global := 51129 ; idea-shell, None, None)
[debug] > Exec(set ideaPort in Global := 51129, None, None)
[info] Defining Global / ideaPort
[info] The new value will be used by Compile / compile, Test / compile
[debug] Defining 
[debug] 	Global / ideaPort
[debug] 
[debug] The new value will be used by 
[debug] 	Compile / compile
[debug] 	Test / compile
[info] Reapplying settings...
[info] set current project to sudokuuu (in build file:/C:/Users/Mareos/IdeaProjects/sudokuuu/)
[debug] > Exec(idea-shell, None, None)
